<?xml version="1.0" encoding="UTF-8"?>
<!-- Generated by org.testng.reporters.JUnitReportReporter -->
<testsuite hostname="5CD1479410" failures="0" tests="2" name="com.TestScripts.FaceBookTest" time="9.067" errors="0" timestamp="2023-07-27T11:06:46 IST" skipped="0">
  <testcase classname="com.TestScripts.FaceBookTest" name="login" time="9.060"/>
  <system-out/>
  <testcase classname="com.TestScripts.FaceBookTest" name="Test" time="0.007"/>
  <system-out/>
</testsuite> <!-- com.TestScripts.FaceBookTest -->
