<?xml version="1.0" encoding="UTF-8"?>
<!-- Generated by org.testng.reporters.JUnitReportReporter -->
<testsuite hostname="5CD1479410" failures="0" tests="2" name="com.TestScripts.FaceBook" time="2.114" errors="0" timestamp="2023-07-26T16:11:27 IST" skipped="1">
  <testcase classname="com.TestScripts.FaceBook" name="Test" time="2.114"/>
  <system-out/>
  <testcase classname="com.TestScripts.FaceBook" name="login">
    <skipped/>
  </testcase> <!-- login -->
  <system-out/>
</testsuite> <!-- com.TestScripts.FaceBook -->
