<?xml version="1.0" encoding="UTF-8"?>
<!-- Generated by org.testng.reporters.JUnitReportReporter -->
<testsuite hostname="5CD138MBFT" failures="0" tests="2" name="com.TestScripts.FaceBookTest" time="8.816" errors="0" timestamp="2023-09-26T11:50:16 IST" skipped="0">
  <testcase classname="com.TestScripts.FaceBookTest" name="login" time="8.808"/>
  <system-out/>
  <testcase classname="com.TestScripts.FaceBookTest" name="Test" time="0.008"/>
  <system-out/>
</testsuite> <!-- com.TestScripts.FaceBookTest -->
